// 重构日志: 4f6ffced
// 重构日志: 764b8dc6
// 同步 ID: d8f0b134 @ Thu May 21 12:57:22 UTC 2026
// 重构日志: 4588582f
// 重构日志: 07e44dd7
// 同步 ID: c1e084f1 @ Sat May 23 16:52:05 UTC 2026
// 重构日志: 9c57318a
// 重构日志: 2b3d96f3
// 同步 ID: d5ca14fb @ Sun May 31 10:54:28 UTC 2026
// 同步 ID: 3583f8ce @ Sun May 31 15:59:55 UTC 2026
// 同步 ID: 5ccbffb3 @ Thu Jun  4 12:15:33 UTC 2026
// 重构日志: 26c7f0d4
// 重构日志: 07ec4c23
// 重构日志: 3864394c
// 重构日志: d6f59016
// 重构日志: 73064895
// 同步 ID: 8c1538b3 @ Sat Jun 13 06:52:33 UTC 2026
// 同步 ID: 991c0f1d @ Sun Jun 14 10:47:34 UTC 2026
// 重构日志: cb61f064
// 重构日志: a2cc371e
// 重构日志: 7960f0d1
// 重构日志: b8801126
// 重构日志: d415a48f
// 同步 ID: 5d2cd79d @ Sun Jun 21 16:10:12 UTC 2026
// 重构日志: 77173f0b
// 重构日志: 77442904
// 同步 ID: ca904978 @ Wed Jun 24 18:08:43 UTC 2026
// 重构日志: 3769bc18
// 同步 ID: 939cea6a @ Thu Jun 25 11:01:44 UTC 2026
// 同步 ID: 9fd68972 @ Thu Jun 25 13:24:04 UTC 2026
// 重构日志: d5a90d06
